Arguments: 
  /usr/local/bin/node /usr/local/bin/yarn add antd

PATH: 
  /usr/local/bin:/usr/bin:/bin:/usr/sbin:/sbin

Yarn version: 
  1.12.1

Node version: 
  10.13.0

Platform: 
  darwin x64

Trace: 
  Error: ENOENT: no such file or directory, copyfile '/Users/chuhaoyuan/Library/Caches/Yarn/v3/npm-is-extendable-1.0.1-a7470f9e426733d81bd81e1155264e3a3507cab4/node_modules/is-extendable/index.d.ts' -> '/Users/workspace/chutianbawebserver/server/node_modules/nanomatch/node_modules/is-extendable/index.d.ts'

npm manifest: 
  {
    "name": "server",
    "version": "0.0.0",
    "private": true,
    "scripts": {
      "start": "node ./bin/www",
      "start-react": "webpack-dev-server --inline --content-base ."
    },
    "dependencies": {
      "babel-core": "6.21.0",
      "babel-loader": "6.2.10",
      "babel-polyfill": "6.20.0",
      "babel-preset-env": "^1.6.1",
      "body-parser": "~1.15.1",
      "cookie-parser": "~1.4.3",
      "debug": "~2.2.0",
      "express": "~4.13.4",
      "ftp": "^0.3.10",
      "google-protobuf": "3.3.0",
      "jade": "~1.11.0",
      "morgan": "~1.7.0",
      "mp3-duration": "^1.1.0",
      "pixi.js": "^4.8.2",
      "react": "^0.14.7",
      "react-dom": "^0.14.7",
      "react-router": "^2.0.0",
      "request": "^2.83.0",
      "serve-favicon": "~2.3.0",
      "webpack": "1.14.0"
    },
    "devDependencies": {}
  }

yarn manifest: 
  No manifest

Lockfile: 
  No lockfile
